<?xml version="1.0" encoding="UTF-8"?>
<testng-results ignored="0" total="5" passed="5" failed="0" skipped="0">
  <reporter-output>
    <line>
      <![CDATA[Selected salutation dropdown option successfully]]>
    </line>
    <line>
      <![CDATA[Entered First Name: shubham_]]>
    </line>
    <line>
      <![CDATA[Entered Last Name: jaiswal]]>
    </line>
    <line>
      <![CDATA[Switched to window with title: Administrator - Contacts - vtiger CRM 5 - Commercial Open Source CRM]]>
    </line>
    <line>
      <![CDATA[Switched to window with title: ]]>
    </line>
    <line>
      <![CDATA[Context successfully shifted to Child Window]]>
    </line>
    <line>
      <![CDATA[Returned back to Parent Window context]]>
    </line>
    <line>
      <![CDATA[Validating actual First Name [shubham_] against expected [shubham_]]]>
    </line>
    <line>
      <![CDATA[Validating actual Last Name [jaiswal] against expected [jaiswal]]]>
    </line>
    <line>
      <![CDATA[Navigated to the 'Create Lead' page]]>
    </line>
    <line>
      <![CDATA[Entered Lead First Name: shubham_]]>
    </line>
    <line>
      <![CDATA[Entered Lead Last Name: jaiswal]]>
    </line>
    <line>
      <![CDATA[Entered Company Name: ty_]]>
    </line>
    <line>
      <![CDATA[Clicked on Save button]]>
    </line>
    <line>
      <![CDATA[Validating saved Last Name [jaiswal] against expected [jaiswal]]]>
    </line>
    <line>
      <![CDATA[Validating saved Company Name [ty_] against expected [ty_]]]>
    </line>
    <line>
      <![CDATA[Entered Opportunity Name: qsp_]]>
    </line>
    <line>
      <![CDATA[Switched to window with title: Administrator - Opportunities - vtiger CRM 5 - Commercial Open Source CRM]]>
    </line>
    <line>
      <![CDATA[Switched to window with title: ]]>
    </line>
    <line>
      <![CDATA[Context successfully shifted to Child Window (Organization Lookup)]]>
    </line>
    <line>
      <![CDATA[Returned back to Parent Window context]]>
    </line>
    <line>
      <![CDATA[Clicked on Save button]]>
    </line>
    <line>
      <![CDATA[Validating saved Opportunity Name [qsp_] against expected [qsp_]]]>
    </line>
    <line>
      <![CDATA[Navigated to 'Create Organization' layout]]>
    </line>
    <line>
      <![CDATA[Entered Organization Name with random suffix: awshubh_709]]>
    </line>
    <line>
      <![CDATA[Clicked on Save button]]>
    </line>
    <line>
      <![CDATA[Validating actual Organization Name [awshubh_709] against expected [awshubh_709]]]>
    </line>
    <line>
      <![CDATA[Navigated to 'Create Product' page Layout]]>
    </line>
    <line>
      <![CDATA[Entered Product Name: parle_]]>
    </line>
    <line>
      <![CDATA[Clicked on Save button]]>
    </line>
    <line>
      <![CDATA[Validating actual Product Name [parle_] against expected [parle_]]]>
    </line>
  </reporter-output>
  <suite started-at="2026-06-25T22:19:24 IST" name="suits" finished-at="2026-06-25T22:22:06 IST" duration-ms="161468">
    <groups>
      <group name="RegressionSuite">
        <method signature="OrgTest.createOrgTest()[pri:0, instance:execute_org.OrgTest@4116aac9]" name="createOrgTest" class="execute_org.OrgTest"/>
      </group> <!-- RegressionSuite -->
      <group name="SmokeSuite">
        <method signature="OrgTest.createOrgTest()[pri:0, instance:execute_org.OrgTest@4116aac9]" name="createOrgTest" class="execute_org.OrgTest"/>
      </group> <!-- SmokeSuite -->
    </groups>
    <test started-at="2026-06-25T22:19:24 IST" name="tests" finished-at="2026-06-25T22:22:06 IST" duration-ms="161468">
      <class name="execute_org.OrgTest">
        <test-method is-config="true" signature="setUp()[pri:0, instance:execute_org.OrgTest@4116aac9]" started-at="2026-06-25T22:21:05 IST" name="setUp" finished-at="2026-06-25T22:21:06 IST" duration-ms="1018" status="PASS">
          <reporter-output>
          </reporter-output>
        </test-method> <!-- setUp -->
        <test-method is-config="true" signature="login()[pri:0, instance:execute_org.OrgTest@4116aac9]" started-at="2026-06-25T22:21:06 IST" name="login" finished-at="2026-06-25T22:21:12 IST" duration-ms="6387" status="PASS">
          <reporter-output>
          </reporter-output>
        </test-method> <!-- login -->
        <test-method signature="createOrgTest()[pri:0, instance:execute_org.OrgTest@4116aac9]" started-at="2026-06-25T22:21:12 IST" name="createOrgTest" description="Verify successful creation of an organization" finished-at="2026-06-25T22:21:30 IST" duration-ms="18300" status="PASS">
          <reporter-output>
            <line>
              <![CDATA[Navigated to 'Create Organization' layout]]>
            </line>
            <line>
              <![CDATA[Entered Organization Name with random suffix: awshubh_709]]>
            </line>
            <line>
              <![CDATA[Clicked on Save button]]>
            </line>
            <line>
              <![CDATA[Validating actual Organization Name [awshubh_709] against expected [awshubh_709]]]>
            </line>
          </reporter-output>
        </test-method> <!-- createOrgTest -->
        <test-method is-config="true" signature="logout()[pri:0, instance:execute_org.OrgTest@4116aac9]" started-at="2026-06-25T22:21:30 IST" name="logout" finished-at="2026-06-25T22:21:33 IST" duration-ms="2550" status="PASS">
          <reporter-output>
          </reporter-output>
        </test-method> <!-- logout -->
        <test-method is-config="true" signature="teardown()[pri:0, instance:execute_org.OrgTest@4116aac9]" started-at="2026-06-25T22:21:33 IST" name="teardown" finished-at="2026-06-25T22:21:36 IST" duration-ms="3466" status="PASS">
          <reporter-output>
          </reporter-output>
        </test-method> <!-- teardown -->
      </class> <!-- execute_org.OrgTest -->
      <class name="execute_oppo.OppoTest">
        <test-method is-config="true" signature="setUp()[pri:0, instance:execute_oppo.OppoTest@7eac9008]" started-at="2026-06-25T22:20:34 IST" name="setUp" finished-at="2026-06-25T22:20:35 IST" duration-ms="985" status="PASS">
          <reporter-output>
          </reporter-output>
        </test-method> <!-- setUp -->
        <test-method is-config="true" signature="login()[pri:0, instance:execute_oppo.OppoTest@7eac9008]" started-at="2026-06-25T22:20:35 IST" name="login" finished-at="2026-06-25T22:20:40 IST" duration-ms="5451" status="PASS">
          <reporter-output>
          </reporter-output>
        </test-method> <!-- login -->
        <test-method signature="createOppoTest()[pri:0, instance:execute_oppo.OppoTest@7eac9008]" started-at="2026-06-25T22:20:40 IST" name="createOppoTest" description="Verify successful creation and verification of a new Opportunity with an associated Organization" finished-at="2026-06-25T22:20:59 IST" duration-ms="18314" status="PASS">
          <reporter-output>
            <line>
              <![CDATA[Entered Opportunity Name: qsp_]]>
            </line>
            <line>
              <![CDATA[Switched to window with title: Administrator - Opportunities - vtiger CRM 5 - Commercial Open Source CRM]]>
            </line>
            <line>
              <![CDATA[Switched to window with title: ]]>
            </line>
            <line>
              <![CDATA[Context successfully shifted to Child Window (Organization Lookup)]]>
            </line>
            <line>
              <![CDATA[Returned back to Parent Window context]]>
            </line>
            <line>
              <![CDATA[Clicked on Save button]]>
            </line>
            <line>
              <![CDATA[Validating saved Opportunity Name [qsp_] against expected [qsp_]]]>
            </line>
          </reporter-output>
        </test-method> <!-- createOppoTest -->
        <test-method is-config="true" signature="logout()[pri:0, instance:execute_oppo.OppoTest@7eac9008]" started-at="2026-06-25T22:20:59 IST" name="logout" finished-at="2026-06-25T22:21:01 IST" duration-ms="2560" status="PASS">
          <reporter-output>
          </reporter-output>
        </test-method> <!-- logout -->
        <test-method is-config="true" signature="teardown()[pri:0, instance:execute_oppo.OppoTest@7eac9008]" started-at="2026-06-25T22:21:01 IST" name="teardown" finished-at="2026-06-25T22:21:05 IST" duration-ms="3357" status="PASS">
          <reporter-output>
          </reporter-output>
        </test-method> <!-- teardown -->
      </class> <!-- execute_oppo.OppoTest -->
      <class name="execute_leads.LeadsTest">
        <test-method is-config="true" signature="setUp()[pri:0, instance:execute_leads.LeadsTest@1fa121e2]" started-at="2026-06-25T22:20:04 IST" name="setUp" finished-at="2026-06-25T22:20:05 IST" duration-ms="1083" status="PASS">
          <reporter-output>
          </reporter-output>
        </test-method> <!-- setUp -->
        <test-method is-config="true" signature="login()[pri:0, instance:execute_leads.LeadsTest@1fa121e2]" started-at="2026-06-25T22:20:05 IST" name="login" finished-at="2026-06-25T22:20:11 IST" duration-ms="5699" status="PASS">
          <reporter-output>
          </reporter-output>
        </test-method> <!-- login -->
        <test-method signature="createLeadTest()[pri:0, instance:execute_leads.LeadsTest@1fa121e2]" started-at="2026-06-25T22:20:11 IST" name="createLeadTest" description="Verify successful creation and validation of a new Lead record" finished-at="2026-06-25T22:20:28 IST" duration-ms="17466" status="PASS">
          <reporter-output>
            <line>
              <![CDATA[Navigated to the 'Create Lead' page]]>
            </line>
            <line>
              <![CDATA[Entered Lead First Name: shubham_]]>
            </line>
            <line>
              <![CDATA[Entered Lead Last Name: jaiswal]]>
            </line>
            <line>
              <![CDATA[Entered Company Name: ty_]]>
            </line>
            <line>
              <![CDATA[Clicked on Save button]]>
            </line>
            <line>
              <![CDATA[Validating saved Last Name [jaiswal] against expected [jaiswal]]]>
            </line>
            <line>
              <![CDATA[Validating saved Company Name [ty_] against expected [ty_]]]>
            </line>
          </reporter-output>
        </test-method> <!-- createLeadTest -->
        <test-method is-config="true" signature="logout()[pri:0, instance:execute_leads.LeadsTest@1fa121e2]" started-at="2026-06-25T22:20:28 IST" name="logout" finished-at="2026-06-25T22:20:31 IST" duration-ms="2428" status="PASS">
          <reporter-output>
          </reporter-output>
        </test-method> <!-- logout -->
        <test-method is-config="true" signature="teardown()[pri:0, instance:execute_leads.LeadsTest@1fa121e2]" started-at="2026-06-25T22:20:31 IST" name="teardown" finished-at="2026-06-25T22:20:34 IST" duration-ms="3398" status="PASS">
          <reporter-output>
          </reporter-output>
        </test-method> <!-- teardown -->
      </class> <!-- execute_leads.LeadsTest -->
      <class name="execute_products.ProductsTest">
        <test-method is-config="true" signature="setUp()[pri:0, instance:execute_products.ProductsTest@62ddbd7e]" started-at="2026-06-25T22:21:36 IST" name="setUp" finished-at="2026-06-25T22:21:37 IST" duration-ms="994" status="PASS">
          <reporter-output>
          </reporter-output>
        </test-method> <!-- setUp -->
        <test-method is-config="true" signature="login()[pri:0, instance:execute_products.ProductsTest@62ddbd7e]" started-at="2026-06-25T22:21:37 IST" name="login" finished-at="2026-06-25T22:21:39 IST" duration-ms="1500" status="PASS">
          <reporter-output>
          </reporter-output>
        </test-method> <!-- login -->
        <test-method signature="createProductTest()[pri:0, instance:execute_products.ProductsTest@62ddbd7e]" started-at="2026-06-25T22:21:39 IST" name="createProductTest" description="Verify successful creation and confirmation of a new Product record" finished-at="2026-06-25T22:22:00 IST" duration-ms="21294" status="PASS">
          <reporter-output>
            <line>
              <![CDATA[Navigated to 'Create Product' page Layout]]>
            </line>
            <line>
              <![CDATA[Entered Product Name: parle_]]>
            </line>
            <line>
              <![CDATA[Clicked on Save button]]>
            </line>
            <line>
              <![CDATA[Validating actual Product Name [parle_] against expected [parle_]]]>
            </line>
          </reporter-output>
        </test-method> <!-- createProductTest -->
        <test-method is-config="true" signature="logout()[pri:0, instance:execute_products.ProductsTest@62ddbd7e]" started-at="2026-06-25T22:22:00 IST" name="logout" finished-at="2026-06-25T22:22:02 IST" duration-ms="2182" status="PASS">
          <reporter-output>
          </reporter-output>
        </test-method> <!-- logout -->
        <test-method is-config="true" signature="teardown()[pri:0, instance:execute_products.ProductsTest@62ddbd7e]" started-at="2026-06-25T22:22:02 IST" name="teardown" finished-at="2026-06-25T22:22:06 IST" duration-ms="3355" status="PASS">
          <reporter-output>
          </reporter-output>
        </test-method> <!-- teardown -->
      </class> <!-- execute_products.ProductsTest -->
      <class name="execute_contact.ContactTest">
        <test-method is-config="true" signature="setUp()[pri:0, instance:execute_contact.ContactTest@185a6e9]" started-at="2026-06-25T22:19:24 IST" name="setUp" finished-at="2026-06-25T22:19:27 IST" duration-ms="2968" status="PASS">
          <reporter-output>
          </reporter-output>
        </test-method> <!-- setUp -->
        <test-method is-config="true" signature="login()[pri:0, instance:execute_contact.ContactTest@185a6e9]" started-at="2026-06-25T22:19:27 IST" name="login" finished-at="2026-06-25T22:19:29 IST" duration-ms="1704" status="PASS">
          <reporter-output>
          </reporter-output>
        </test-method> <!-- login -->
        <test-method signature="createContactTest()[pri:0, instance:execute_contact.ContactTest@185a6e9]" started-at="2026-06-25T22:19:29 IST" name="createContactTest" description="Verify successful creation and verification of a new Contact with an associated Organization" finished-at="2026-06-25T22:19:58 IST" duration-ms="29141" status="PASS">
          <reporter-output>
            <line>
              <![CDATA[Selected salutation dropdown option successfully]]>
            </line>
            <line>
              <![CDATA[Entered First Name: shubham_]]>
            </line>
            <line>
              <![CDATA[Entered Last Name: jaiswal]]>
            </line>
            <line>
              <![CDATA[Switched to window with title: Administrator - Contacts - vtiger CRM 5 - Commercial Open Source CRM]]>
            </line>
            <line>
              <![CDATA[Switched to window with title: ]]>
            </line>
            <line>
              <![CDATA[Context successfully shifted to Child Window]]>
            </line>
            <line>
              <![CDATA[Returned back to Parent Window context]]>
            </line>
            <line>
              <![CDATA[Validating actual First Name [shubham_] against expected [shubham_]]]>
            </line>
            <line>
              <![CDATA[Validating actual Last Name [jaiswal] against expected [jaiswal]]]>
            </line>
          </reporter-output>
        </test-method> <!-- createContactTest -->
        <test-method is-config="true" signature="logout()[pri:0, instance:execute_contact.ContactTest@185a6e9]" started-at="2026-06-25T22:19:58 IST" name="logout" finished-at="2026-06-25T22:20:01 IST" duration-ms="2382" status="PASS">
          <reporter-output>
          </reporter-output>
        </test-method> <!-- logout -->
        <test-method is-config="true" signature="teardown()[pri:0, instance:execute_contact.ContactTest@185a6e9]" started-at="2026-06-25T22:20:01 IST" name="teardown" finished-at="2026-06-25T22:20:04 IST" duration-ms="3382" status="PASS">
          <reporter-output>
          </reporter-output>
        </test-method> <!-- teardown -->
      </class> <!-- execute_contact.ContactTest -->
    </test> <!-- tests -->
  </suite> <!-- suits -->
</testng-results>
