<?xml version="1.0" encoding="UTF-8"?>
<!-- Generated by org.testng.reporters.JUnitXMLReporter -->
<testsuite ignored="0" hostname="Y4_Max" failures="0" tests="5" name="tests" time="161.468" errors="0" timestamp="2026-06-25T22:22:06 IST">
  <testcase classname="execute_contact.ContactTest" name="createContactTest" time="29.141"/>
  <testcase classname="execute_leads.LeadsTest" name="createLeadTest" time="17.466"/>
  <testcase classname="execute_oppo.OppoTest" name="createOppoTest" time="18.314"/>
  <testcase classname="execute_org.OrgTest" name="createOrgTest" time="18.3"/>
  <testcase classname="execute_products.ProductsTest" name="createProductTest" time="21.294"/>
</testsuite> <!-- tests -->
