<?xml version="1.0" encoding="UTF-8"?>
<!-- Generated by org.testng.reporters.JUnitXMLReporter -->
<testsuite ignored="0" hostname="Y4_Max" failures="0" tests="5" name="tests" time="201.699" errors="0" timestamp="2026-06-14T17:36:39 IST">
  <testcase classname="execute_contact.ContactTest" name="createContactTest" time="29.581"/>
  <testcase classname="execute_leads.LeadsTest" name="createLeadTest" time="24.328"/>
  <testcase classname="execute_oppo.OppoTest" name="createOppoTest" time="23.548"/>
  <testcase classname="execute_org.OrgTest" name="createOrgTest" time="25.134"/>
  <testcase classname="execute_products.ProductsTest" name="createProductTest" time="21.869"/>
</testsuite> <!-- tests -->
