<?xml version="1.0" encoding="UTF-8"?>
<!-- Generated by org.testng.reporters.JUnitXMLReporter -->
<testsuite ignored="0" hostname="Y4_Max" failures="0" tests="5" name="Component_Module_Validations" time="173.885" errors="0" timestamp="2026-06-25T21:38:52 IST">
  <testcase classname="execute_org.OrgTest" name="createOrgTest" time="19.877"/>
  <testcase classname="execute_leads.LeadsTest" name="createLeadTest" time="19.922"/>
  <testcase classname="execute_products.ProductsTest" name="createProductTest" time="25.11"/>
  <testcase classname="execute_contact.ContactTest" name="createContactTest" time="28.519"/>
  <testcase classname="execute_oppo.OppoTest" name="createOppoTest" time="26.108"/>
</testsuite> <!-- Component_Module_Validations -->
