<?xml version="1.0" encoding="UTF-8"?>
<!-- Generated by org.testng.reporters.JUnitXMLReporter -->
<testsuite ignored="0" hostname="Y4_Max" failures="0" tests="6" name="Concurrent_Module_Execution" time="141.08" errors="0" timestamp="2026-06-25T21:41:30 IST">
  <testcase classname="execute_org.OrgTest" name="createOrgTest" time="35.115"/>
  <testcase classname="execute_leads.LeadsTest" name="createLeadTest" time="33.421"/>
  <testcase classname="execute_products.ProductsTest" name="createProductTest" time="39.44"/>
  <testcase classname="execute_products.CreateMultipleProductsTest" name="createProductWithDataTest" time="22.73"/>
  <testcase classname="execute_products.CreateMultipleProductsTest" name="createProductWithDataTest" time="23.463"/>
  <testcase classname="execute_products.CreateMultipleProductsTest" name="createProductWithDataTest" time="24.333"/>
</testsuite> <!-- Concurrent_Module_Execution -->
