<?xml version="1.0" encoding="UTF-8"?>
<!-- Generated by org.testng.reporters.JUnitXMLReporter -->
<testsuite ignored="2" hostname="Y4_Max" failures="0" tests="1" name="Smoke_Deployment_Gate" time="37.376" errors="0" timestamp="2026-06-25T21:43:03 IST">
  <testcase classname="execute_org.OrgTest" name="createOrgTest" time="22.559"/>
  <testcase classname="execute_leads.LeadsTest" name="createLeadTest" time="0.0">
    <ignored/>
  </testcase> <!-- createLeadTest -->
  <testcase classname="execute_products.ProductsTest" name="createProductTest" time="0.0">
    <ignored/>
  </testcase> <!-- createProductTest -->
</testsuite> <!-- Smoke_Deployment_Gate -->
