<?xml version="1.0" encoding="UTF-8"?>
<!-- Generated by org.testng.reporters.JUnitReportReporter -->
<testsuite hostname="Y4_Max" failures="0" tests="3" name="extra_execution.ContactTest" time="0.034" errors="0" timestamp="2026-06-25T22:18:51 IST" skipped="0">
  <testcase classname="extra_execution.ContactTest" name="deleteContact" time="0.006"/>
  <testcase classname="extra_execution.ContactTest" name="modifyContact" time="0.009"/>
  <testcase classname="extra_execution.ContactTest" name="createContact" time="0.019"/>
</testsuite> <!-- extra_execution.ContactTest -->
