<?xml version="1.0" encoding="UTF-8"?>
<!-- Generated by org.testng.reporters.JUnitReportReporter -->
<testsuite hostname="Y4_Max" failures="0" tests="1" name="execute_contact.ContactTest" time="65.532" errors="0" timestamp="2026-06-29T12:17:59 IST" skipped="0">
  <testcase classname="execute_contact.ContactTest" name="createContactTest" time="65.532">
    <system-out>
      <![CDATA[Selected salutation dropdown option successfully
Entered First Name: shubham_
Entered Last Name: jaiswal
Switched to window with title: Administrator - Contacts - vtiger CRM 5 - Commercial Open Source CRM
Switched to window with title: 
Context successfully shifted to Child Window
Returned back to Parent Window context
Validating actual First Name [shubham_] against expected [shubham_]
Validating actual Last Name [jaiswal] against expected [jaiswal]]]>
    </system-out>
  </testcase> <!-- createContactTest -->
  <system-out>
    <![CDATA[Selected salutation dropdown option successfully
Entered First Name: shubham_
Entered Last Name: jaiswal
Switched to window with title: Administrator - Contacts - vtiger CRM 5 - Commercial Open Source CRM
Switched to window with title: 
Context successfully shifted to Child Window
Returned back to Parent Window context
Validating actual First Name [shubham_] against expected [shubham_]
Validating actual Last Name [jaiswal] against expected [jaiswal]]]>
  </system-out>
</testsuite> <!-- execute_contact.ContactTest -->
