<?xml version="1.0" encoding="UTF-8"?>
<!-- Generated by org.testng.reporters.JUnitReportReporter -->
<testsuite hostname="Y4_Max" failures="0" tests="3" name="extra_execution.OrgTest" time="0.029" errors="0" timestamp="2026-06-25T22:18:51 IST" skipped="0">
  <testcase classname="extra_execution.OrgTest" name="deleteOrg" time="0.003"/>
  <testcase classname="extra_execution.OrgTest" name="modifyOrg" time="0.008"/>
  <testcase classname="extra_execution.OrgTest" name="createOrg" time="0.018"/>
</testsuite> <!-- extra_execution.OrgTest -->
