<?xml version="1.0" encoding="UTF-8"?>
<!-- Generated by org.testng.reporters.JUnitReportReporter -->
<testsuite hostname="Y4_Max" failures="0" tests="3" name="execute_products.CreateMultipleProductsTest" time="82.715" errors="0" timestamp="2026-06-25T21:41:31 IST" skipped="0">
  <testcase classname="execute_products.CreateMultipleProductsTest" name="createProductWithDataTest" time="27.250">
    <system-out>
      <![CDATA[Data-Driven Input - Creating Product: AI_Analytics_Module_300]]>
    </system-out>
  </testcase> <!-- createProductWithDataTest -->
  <testcase classname="execute_products.CreateMultipleProductsTest" name="createProductWithDataTest" time="27.117">
    <system-out>
      <![CDATA[Data-Driven Input - Creating Product: Enterprise_CRM_Cloud_203]]>
    </system-out>
  </testcase> <!-- createProductWithDataTest -->
  <testcase classname="execute_products.CreateMultipleProductsTest" name="createProductWithDataTest" time="28.348">
    <system-out>
      <![CDATA[Data-Driven Input - Creating Product: Fintech_Payment_Gateway_526]]>
    </system-out>
  </testcase> <!-- createProductWithDataTest -->
  <system-out>
    <![CDATA[Navigated to 'Create Organization' layout
Entered Organization Name with random suffix: awshubh_903
Clicked on Save button
Navigated to the 'Create Lead' page
Entered Lead First Name: shubham_
Entered Lead Last Name: jaiswal
Entered Company Name: ty_
Navigated to 'Create Product' page Layout
Entered Product Name: parle_
Validating actual Organization Name [awshubh_903] against expected [awshubh_903]
Clicked on Save button
Validating saved Last Name [jaiswal] against expected [jaiswal]
Validating saved Company Name [ty_] against expected [ty_]
Clicked on Save button
Validating actual Product Name [parle_] against expected [parle_]
Data-Driven Input - Creating Product: Enterprise_CRM_Cloud_203
Data-Driven Input - Creating Product: AI_Analytics_Module_300
Data-Driven Input - Creating Product: Fintech_Payment_Gateway_526]]>
  </system-out>
</testsuite> <!-- execute_products.CreateMultipleProductsTest -->
