<?xml version="1.0" encoding="UTF-8"?>
<!-- Generated by org.testng.reporters.JUnitReportReporter -->
<testsuite hostname="Y4_Max" failures="0" tests="3" name="extra_execution.LeadTest" time="0.025" errors="0" timestamp="2026-06-25T22:18:51 IST" skipped="0">
  <testcase classname="extra_execution.LeadTest" name="deleteLead" time="0.004"/>
  <testcase classname="extra_execution.LeadTest" name="modifyLead" time="0.003"/>
  <testcase classname="extra_execution.LeadTest" name="createLead" time="0.018"/>
</testsuite> <!-- extra_execution.LeadTest -->
