<?xml version="1.0" encoding="UTF-8"?>
<!-- Generated by org.testng.reporters.JUnitXMLReporter -->
<testsuite ignored="0" hostname="shubhams-MacBook-Air.local" failures="1" tests="1" name="testrunner3" time="20.228" errors="0" timestamp="2026-06-25T19:52:43 IST">
  <testcase classname="base_utility.BaseClass" name="@BeforeMethod login" time="0.641">
    <failure type="org.openqa.selenium.WebDriverException" message="unknown error: net::ERR_CONNECTION_REFUSED
  (Session info: chrome=149.0.7827.116)
Build info: version: &amp;apos;4.44.0&amp;apos;, revision: &amp;apos;da2039b&amp;apos;
System info: os.name: &amp;apos;Mac OS X&amp;apos;, os.arch: &amp;apos;aarch64&amp;apos;, os.version: &amp;apos;26.4.1&amp;apos;, java.version: &amp;apos;21.0.9&amp;apos;
Driver info: org.openqa.selenium.chrome.ChromeDriver
Command: [058d315c229a2435cb0552dd8615f2c5, get {url=http://localhost:8888}]
Capabilities {acceptInsecureCerts: false, browserName: chrome, browserVersion: 149.0.7827.116, chrome: {chromedriverVersion: 149.0.7827.155 (07b52360cc1..., userDataDir: /var/folders/bf/vg7s6qt17nb...}, fedcm:accounts: true, goog:chromeOptions: {debuggerAddress: localhost:53981}, goog:processID: 13802, networkConnectionEnabled: false, pageLoadStrategy: normal, platformName: mac, proxy: Proxy(), se:cdp: ws://localhost:53981/devtoo..., se:cdpVersion: 149.0.7827.116, setWindowRect: true, strictFileInteractability: false, timeouts: {implicit: 0, pageLoad: 300000, script: 30000}, unhandledPromptBehavior: dismiss and notify, webauthn:extension:credBlob: true, webauthn:extension:largeBlob: true, webauthn:extension:minPinLength: true, webauthn:extension:prf: true, webauthn:virtualAuthenticators: true}
Session ID: 058d315c229a2435cb0552dd8615f2c5">
      <![CDATA[org.openqa.selenium.WebDriverException: unknown error: net::ERR_CONNECTION_REFUSED
  (Session info: chrome=149.0.7827.116)
Build info: version: '4.44.0', revision: 'da2039b'
System info: os.name: 'Mac OS X', os.arch: 'aarch64', os.version: '26.4.1', java.version: '21.0.9'
Driver info: org.openqa.selenium.chrome.ChromeDriver
Command: [058d315c229a2435cb0552dd8615f2c5, get {url=http://localhost:8888}]
Capabilities {acceptInsecureCerts: false, browserName: chrome, browserVersion: 149.0.7827.116, chrome: {chromedriverVersion: 149.0.7827.155 (07b52360cc1..., userDataDir: /var/folders/bf/vg7s6qt17nb...}, fedcm:accounts: true, goog:chromeOptions: {debuggerAddress: localhost:53981}, goog:processID: 13802, networkConnectionEnabled: false, pageLoadStrategy: normal, platformName: mac, proxy: Proxy(), se:cdp: ws://localhost:53981/devtoo..., se:cdpVersion: 149.0.7827.116, setWindowRect: true, strictFileInteractability: false, timeouts: {implicit: 0, pageLoad: 300000, script: 30000}, unhandledPromptBehavior: dismiss and notify, webauthn:extension:credBlob: true, webauthn:extension:largeBlob: true, webauthn:extension:minPinLength: true, webauthn:extension:prf: true, webauthn:virtualAuthenticators: true}
Session ID: 058d315c229a2435cb0552dd8615f2c5
at org.openqa.selenium.remote.ErrorCodec.decode(ErrorCodec.java:169)
at org.openqa.selenium.remote.codec.w3c.W3CHttpResponseCodec.decode(W3CHttpResponseCodec.java:143)
at org.openqa.selenium.remote.codec.w3c.W3CHttpResponseCodec.decode(W3CHttpResponseCodec.java:50)
at org.openqa.selenium.remote.HttpCommandExecutor.execute(HttpCommandExecutor.java:224)
at org.openqa.selenium.remote.service.DriverCommandExecutor.invokeExecute(DriverCommandExecutor.java:217)
at org.openqa.selenium.remote.service.DriverCommandExecutor.execute(DriverCommandExecutor.java:175)
at org.openqa.selenium.remote.RemoteWebDriver.execute(RemoteWebDriver.java:600)
at org.openqa.selenium.remote.RemoteWebDriver.get(RemoteWebDriver.java:366)
at base_utility.BaseClass.login(BaseClass.java:42)
at java.base/java.util.ArrayList.forEach(ArrayList.java:1596)
at java.base/java.util.concurrent.FutureTask.run(FutureTask.java:317)
at java.base/java.util.concurrent.ThreadPoolExecutor.runWorker(ThreadPoolExecutor.java:1144)
at java.base/java.util.concurrent.ThreadPoolExecutor$Worker.run(ThreadPoolExecutor.java:642)
at java.base/java.lang.Thread.run(Thread.java:1583)
... Removed 19 stack frames]]>
    </failure>
  </testcase> <!-- @BeforeMethod login -->
  <testcase classname="base_utility.BaseClass" name="@AfterClass teardown" time="0.0">
    <skipped/>
  </testcase> <!-- @AfterClass teardown -->
  <testcase classname="execute_oppo.OppoTest" name="createOppoTest" time="0.671">
    <failure type="java.lang.NullPointerException" message="Cannot invoke &amp;quot;com.aventstack.extentreports.ExtentReports.createTest(String)&amp;quot; because &amp;quot;this.report&amp;quot; is null">
      <![CDATA[java.lang.NullPointerException: Cannot invoke "com.aventstack.extentreports.ExtentReports.createTest(String)" because "this.report" is null
at listener_utility.List_Imp.onTestStart(List_Imp.java:43)
at java.base/java.util.ArrayList.forEach(ArrayList.java:1596)
at java.base/java.util.concurrent.FutureTask.run(FutureTask.java:317)
at java.base/java.util.concurrent.ThreadPoolExecutor.runWorker(ThreadPoolExecutor.java:1144)
at java.base/java.util.concurrent.ThreadPoolExecutor$Worker.run(ThreadPoolExecutor.java:642)
at java.base/java.lang.Thread.run(Thread.java:1583)
... Removed 15 stack frames]]>
    </failure>
  </testcase> <!-- createOppoTest -->
</testsuite> <!-- testrunner3 -->
