<?xml version="1.0" encoding="UTF-8"?>
<!-- Generated by org.testng.reporters.JUnitXMLReporter -->
<testsuite ignored="0" hostname="Y4_Max" failures="0" tests="3" name="TestRunner3" time="0.12" errors="0" timestamp="2026-06-25T22:18:51 IST">
  <testcase classname="extra_execution.LeadTest" name="createLead" time="0.018"/>
  <testcase classname="extra_execution.LeadTest" name="deleteLead" time="0.004"/>
  <testcase classname="extra_execution.LeadTest" name="modifyLead" time="0.003"/>
</testsuite> <!-- TestRunner3 -->
